[2024-09-03T02:24:34.426+0000] {processor.py:161} INFO - Started process (PID=38) to work on /opt/airflow/dags/modules/cargar_data.py
[2024-09-03T02:24:34.427+0000] {processor.py:830} INFO - Processing file /opt/airflow/dags/modules/cargar_data.py for tasks to queue
[2024-09-03T02:24:34.429+0000] {logging_mixin.py:188} INFO - [2024-09-03T02:24:34.429+0000] {dagbag.py:545} INFO - Filling up the DagBag from /opt/airflow/dags/modules/cargar_data.py
[2024-09-03T02:24:35.963+0000] {processor.py:842} WARNING - No viable dags retrieved from /opt/airflow/dags/modules/cargar_data.py
[2024-09-03T02:24:35.981+0000] {processor.py:183} INFO - Processing /opt/airflow/dags/modules/cargar_data.py took 1.567 seconds
[2024-09-03T02:25:06.212+0000] {processor.py:161} INFO - Started process (PID=50) to work on /opt/airflow/dags/modules/cargar_data.py
[2024-09-03T02:25:06.214+0000] {processor.py:830} INFO - Processing file /opt/airflow/dags/modules/cargar_data.py for tasks to queue
[2024-09-03T02:25:06.217+0000] {logging_mixin.py:188} INFO - [2024-09-03T02:25:06.216+0000] {dagbag.py:545} INFO - Filling up the DagBag from /opt/airflow/dags/modules/cargar_data.py
[2024-09-03T02:25:07.083+0000] {processor.py:842} WARNING - No viable dags retrieved from /opt/airflow/dags/modules/cargar_data.py
[2024-09-03T02:25:07.118+0000] {processor.py:183} INFO - Processing /opt/airflow/dags/modules/cargar_data.py took 0.916 seconds
[2024-09-03T02:25:37.991+0000] {processor.py:161} INFO - Started process (PID=62) to work on /opt/airflow/dags/modules/cargar_data.py
[2024-09-03T02:25:37.992+0000] {processor.py:830} INFO - Processing file /opt/airflow/dags/modules/cargar_data.py for tasks to queue
[2024-09-03T02:25:37.995+0000] {logging_mixin.py:188} INFO - [2024-09-03T02:25:37.994+0000] {dagbag.py:545} INFO - Filling up the DagBag from /opt/airflow/dags/modules/cargar_data.py
[2024-09-03T02:25:38.445+0000] {processor.py:842} WARNING - No viable dags retrieved from /opt/airflow/dags/modules/cargar_data.py
[2024-09-03T02:25:38.459+0000] {processor.py:183} INFO - Processing /opt/airflow/dags/modules/cargar_data.py took 0.478 seconds
[2024-09-03T02:25:48.071+0000] {processor.py:161} INFO - Started process (PID=74) to work on /opt/airflow/dags/modules/cargar_data.py
[2024-09-03T02:25:48.073+0000] {processor.py:830} INFO - Processing file /opt/airflow/dags/modules/cargar_data.py for tasks to queue
[2024-09-03T02:25:48.074+0000] {logging_mixin.py:188} INFO - [2024-09-03T02:25:48.074+0000] {dagbag.py:545} INFO - Filling up the DagBag from /opt/airflow/dags/modules/cargar_data.py
[2024-09-03T02:25:48.551+0000] {processor.py:842} WARNING - No viable dags retrieved from /opt/airflow/dags/modules/cargar_data.py
[2024-09-03T02:25:48.563+0000] {processor.py:183} INFO - Processing /opt/airflow/dags/modules/cargar_data.py took 0.501 seconds
[2024-09-03T02:26:18.845+0000] {processor.py:161} INFO - Started process (PID=90) to work on /opt/airflow/dags/modules/cargar_data.py
[2024-09-03T02:26:18.846+0000] {processor.py:830} INFO - Processing file /opt/airflow/dags/modules/cargar_data.py for tasks to queue
[2024-09-03T02:26:18.849+0000] {logging_mixin.py:188} INFO - [2024-09-03T02:26:18.849+0000] {dagbag.py:545} INFO - Filling up the DagBag from /opt/airflow/dags/modules/cargar_data.py
[2024-09-03T02:26:19.284+0000] {processor.py:842} WARNING - No viable dags retrieved from /opt/airflow/dags/modules/cargar_data.py
[2024-09-03T02:26:19.297+0000] {processor.py:183} INFO - Processing /opt/airflow/dags/modules/cargar_data.py took 0.466 seconds
[2024-09-03T02:26:24.378+0000] {processor.py:161} INFO - Started process (PID=92) to work on /opt/airflow/dags/modules/cargar_data.py
[2024-09-03T02:26:24.379+0000] {processor.py:830} INFO - Processing file /opt/airflow/dags/modules/cargar_data.py for tasks to queue
[2024-09-03T02:26:24.381+0000] {logging_mixin.py:188} INFO - [2024-09-03T02:26:24.380+0000] {dagbag.py:545} INFO - Filling up the DagBag from /opt/airflow/dags/modules/cargar_data.py
[2024-09-03T02:26:24.894+0000] {processor.py:842} WARNING - No viable dags retrieved from /opt/airflow/dags/modules/cargar_data.py
[2024-09-03T02:26:24.909+0000] {processor.py:183} INFO - Processing /opt/airflow/dags/modules/cargar_data.py took 0.541 seconds
[2024-09-03T02:26:55.664+0000] {processor.py:161} INFO - Started process (PID=106) to work on /opt/airflow/dags/modules/cargar_data.py
[2024-09-03T02:26:55.667+0000] {processor.py:830} INFO - Processing file /opt/airflow/dags/modules/cargar_data.py for tasks to queue
[2024-09-03T02:26:55.671+0000] {logging_mixin.py:188} INFO - [2024-09-03T02:26:55.671+0000] {dagbag.py:545} INFO - Filling up the DagBag from /opt/airflow/dags/modules/cargar_data.py
[2024-09-03T02:28:02.948+0000] {processor.py:161} INFO - Started process (PID=40) to work on /opt/airflow/dags/modules/cargar_data.py
[2024-09-03T02:28:02.950+0000] {processor.py:830} INFO - Processing file /opt/airflow/dags/modules/cargar_data.py for tasks to queue
[2024-09-03T02:28:02.951+0000] {logging_mixin.py:188} INFO - [2024-09-03T02:28:02.951+0000] {dagbag.py:545} INFO - Filling up the DagBag from /opt/airflow/dags/modules/cargar_data.py
[2024-09-03T02:28:03.500+0000] {processor.py:842} WARNING - No viable dags retrieved from /opt/airflow/dags/modules/cargar_data.py
[2024-09-03T02:28:03.515+0000] {processor.py:183} INFO - Processing /opt/airflow/dags/modules/cargar_data.py took 0.577 seconds
[2024-09-03T02:28:34.455+0000] {processor.py:161} INFO - Started process (PID=51) to work on /opt/airflow/dags/modules/cargar_data.py
[2024-09-03T02:28:34.457+0000] {processor.py:830} INFO - Processing file /opt/airflow/dags/modules/cargar_data.py for tasks to queue
[2024-09-03T02:28:34.460+0000] {logging_mixin.py:188} INFO - [2024-09-03T02:28:34.459+0000] {dagbag.py:545} INFO - Filling up the DagBag from /opt/airflow/dags/modules/cargar_data.py
[2024-09-03T02:28:35.009+0000] {processor.py:842} WARNING - No viable dags retrieved from /opt/airflow/dags/modules/cargar_data.py
[2024-09-03T02:28:35.022+0000] {processor.py:183} INFO - Processing /opt/airflow/dags/modules/cargar_data.py took 0.577 seconds
[2024-09-03T02:29:05.387+0000] {processor.py:161} INFO - Started process (PID=67) to work on /opt/airflow/dags/modules/cargar_data.py
[2024-09-03T02:29:05.388+0000] {processor.py:830} INFO - Processing file /opt/airflow/dags/modules/cargar_data.py for tasks to queue
[2024-09-03T02:29:05.391+0000] {logging_mixin.py:188} INFO - [2024-09-03T02:29:05.390+0000] {dagbag.py:545} INFO - Filling up the DagBag from /opt/airflow/dags/modules/cargar_data.py
[2024-09-03T02:29:05.887+0000] {processor.py:842} WARNING - No viable dags retrieved from /opt/airflow/dags/modules/cargar_data.py
[2024-09-03T02:29:05.903+0000] {processor.py:183} INFO - Processing /opt/airflow/dags/modules/cargar_data.py took 0.527 seconds
[2024-09-03T02:29:36.320+0000] {processor.py:161} INFO - Started process (PID=80) to work on /opt/airflow/dags/modules/cargar_data.py
[2024-09-03T02:29:36.321+0000] {processor.py:830} INFO - Processing file /opt/airflow/dags/modules/cargar_data.py for tasks to queue
[2024-09-03T02:29:36.325+0000] {logging_mixin.py:188} INFO - [2024-09-03T02:29:36.322+0000] {dagbag.py:545} INFO - Filling up the DagBag from /opt/airflow/dags/modules/cargar_data.py
[2024-09-03T02:29:36.756+0000] {processor.py:842} WARNING - No viable dags retrieved from /opt/airflow/dags/modules/cargar_data.py
[2024-09-03T02:29:36.767+0000] {processor.py:183} INFO - Processing /opt/airflow/dags/modules/cargar_data.py took 0.458 seconds
[2024-09-03T02:30:07.139+0000] {processor.py:161} INFO - Started process (PID=92) to work on /opt/airflow/dags/modules/cargar_data.py
[2024-09-03T02:30:07.141+0000] {processor.py:830} INFO - Processing file /opt/airflow/dags/modules/cargar_data.py for tasks to queue
[2024-09-03T02:30:07.144+0000] {logging_mixin.py:188} INFO - [2024-09-03T02:30:07.143+0000] {dagbag.py:545} INFO - Filling up the DagBag from /opt/airflow/dags/modules/cargar_data.py
[2024-09-03T02:30:07.593+0000] {processor.py:842} WARNING - No viable dags retrieved from /opt/airflow/dags/modules/cargar_data.py
[2024-09-03T02:30:07.604+0000] {processor.py:183} INFO - Processing /opt/airflow/dags/modules/cargar_data.py took 0.475 seconds
[2024-09-03T02:30:37.933+0000] {processor.py:161} INFO - Started process (PID=104) to work on /opt/airflow/dags/modules/cargar_data.py
[2024-09-03T02:30:37.934+0000] {processor.py:830} INFO - Processing file /opt/airflow/dags/modules/cargar_data.py for tasks to queue
[2024-09-03T02:30:37.935+0000] {logging_mixin.py:188} INFO - [2024-09-03T02:30:37.935+0000] {dagbag.py:545} INFO - Filling up the DagBag from /opt/airflow/dags/modules/cargar_data.py
[2024-09-03T02:30:38.387+0000] {processor.py:842} WARNING - No viable dags retrieved from /opt/airflow/dags/modules/cargar_data.py
[2024-09-03T02:30:38.401+0000] {processor.py:183} INFO - Processing /opt/airflow/dags/modules/cargar_data.py took 0.475 seconds
[2024-09-03T02:30:41.544+0000] {processor.py:161} INFO - Started process (PID=109) to work on /opt/airflow/dags/modules/cargar_data.py
[2024-09-03T02:30:41.546+0000] {processor.py:830} INFO - Processing file /opt/airflow/dags/modules/cargar_data.py for tasks to queue
[2024-09-03T02:30:41.548+0000] {logging_mixin.py:188} INFO - [2024-09-03T02:30:41.547+0000] {dagbag.py:545} INFO - Filling up the DagBag from /opt/airflow/dags/modules/cargar_data.py
[2024-09-03T02:30:42.010+0000] {processor.py:842} WARNING - No viable dags retrieved from /opt/airflow/dags/modules/cargar_data.py
[2024-09-03T02:30:42.023+0000] {processor.py:183} INFO - Processing /opt/airflow/dags/modules/cargar_data.py took 0.487 seconds
[2024-09-03T02:31:12.712+0000] {processor.py:161} INFO - Started process (PID=121) to work on /opt/airflow/dags/modules/cargar_data.py
[2024-09-03T02:31:12.713+0000] {processor.py:830} INFO - Processing file /opt/airflow/dags/modules/cargar_data.py for tasks to queue
[2024-09-03T02:31:12.716+0000] {logging_mixin.py:188} INFO - [2024-09-03T02:31:12.715+0000] {dagbag.py:545} INFO - Filling up the DagBag from /opt/airflow/dags/modules/cargar_data.py
[2024-09-03T02:31:13.108+0000] {processor.py:842} WARNING - No viable dags retrieved from /opt/airflow/dags/modules/cargar_data.py
[2024-09-03T02:31:13.120+0000] {processor.py:183} INFO - Processing /opt/airflow/dags/modules/cargar_data.py took 0.417 seconds
[2024-09-03T02:31:43.541+0000] {processor.py:161} INFO - Started process (PID=133) to work on /opt/airflow/dags/modules/cargar_data.py
[2024-09-03T02:31:43.542+0000] {processor.py:830} INFO - Processing file /opt/airflow/dags/modules/cargar_data.py for tasks to queue
[2024-09-03T02:31:43.544+0000] {logging_mixin.py:188} INFO - [2024-09-03T02:31:43.544+0000] {dagbag.py:545} INFO - Filling up the DagBag from /opt/airflow/dags/modules/cargar_data.py
[2024-09-03T02:31:43.938+0000] {processor.py:842} WARNING - No viable dags retrieved from /opt/airflow/dags/modules/cargar_data.py
[2024-09-03T02:31:43.950+0000] {processor.py:183} INFO - Processing /opt/airflow/dags/modules/cargar_data.py took 0.417 seconds
[2024-09-03T02:32:14.328+0000] {processor.py:161} INFO - Started process (PID=150) to work on /opt/airflow/dags/modules/cargar_data.py
[2024-09-03T02:32:14.329+0000] {processor.py:830} INFO - Processing file /opt/airflow/dags/modules/cargar_data.py for tasks to queue
[2024-09-03T02:32:14.332+0000] {logging_mixin.py:188} INFO - [2024-09-03T02:32:14.331+0000] {dagbag.py:545} INFO - Filling up the DagBag from /opt/airflow/dags/modules/cargar_data.py
[2024-09-03T02:32:14.815+0000] {processor.py:842} WARNING - No viable dags retrieved from /opt/airflow/dags/modules/cargar_data.py
[2024-09-03T02:32:14.827+0000] {processor.py:183} INFO - Processing /opt/airflow/dags/modules/cargar_data.py took 0.509 seconds
[2024-09-03T02:32:45.153+0000] {processor.py:161} INFO - Started process (PID=162) to work on /opt/airflow/dags/modules/cargar_data.py
[2024-09-03T02:32:45.154+0000] {processor.py:830} INFO - Processing file /opt/airflow/dags/modules/cargar_data.py for tasks to queue
[2024-09-03T02:32:45.156+0000] {logging_mixin.py:188} INFO - [2024-09-03T02:32:45.156+0000] {dagbag.py:545} INFO - Filling up the DagBag from /opt/airflow/dags/modules/cargar_data.py
[2024-09-03T02:32:45.599+0000] {processor.py:842} WARNING - No viable dags retrieved from /opt/airflow/dags/modules/cargar_data.py
[2024-09-03T02:32:45.612+0000] {processor.py:183} INFO - Processing /opt/airflow/dags/modules/cargar_data.py took 0.471 seconds
[2024-09-03T02:33:15.961+0000] {processor.py:161} INFO - Started process (PID=180) to work on /opt/airflow/dags/modules/cargar_data.py
[2024-09-03T02:33:15.962+0000] {processor.py:830} INFO - Processing file /opt/airflow/dags/modules/cargar_data.py for tasks to queue
[2024-09-03T02:33:15.964+0000] {logging_mixin.py:188} INFO - [2024-09-03T02:33:15.964+0000] {dagbag.py:545} INFO - Filling up the DagBag from /opt/airflow/dags/modules/cargar_data.py
[2024-09-03T02:33:16.335+0000] {processor.py:842} WARNING - No viable dags retrieved from /opt/airflow/dags/modules/cargar_data.py
[2024-09-03T02:33:16.345+0000] {processor.py:183} INFO - Processing /opt/airflow/dags/modules/cargar_data.py took 0.392 seconds
[2024-09-03T02:33:46.738+0000] {processor.py:161} INFO - Started process (PID=192) to work on /opt/airflow/dags/modules/cargar_data.py
[2024-09-03T02:33:46.739+0000] {processor.py:830} INFO - Processing file /opt/airflow/dags/modules/cargar_data.py for tasks to queue
[2024-09-03T02:33:46.742+0000] {logging_mixin.py:188} INFO - [2024-09-03T02:33:46.741+0000] {dagbag.py:545} INFO - Filling up the DagBag from /opt/airflow/dags/modules/cargar_data.py
[2024-09-03T02:33:47.131+0000] {processor.py:842} WARNING - No viable dags retrieved from /opt/airflow/dags/modules/cargar_data.py
[2024-09-03T02:33:47.142+0000] {processor.py:183} INFO - Processing /opt/airflow/dags/modules/cargar_data.py took 0.412 seconds
[2024-09-03T02:34:01.927+0000] {processor.py:161} INFO - Started process (PID=194) to work on /opt/airflow/dags/modules/cargar_data.py
[2024-09-03T02:34:01.928+0000] {processor.py:830} INFO - Processing file /opt/airflow/dags/modules/cargar_data.py for tasks to queue
[2024-09-03T02:34:01.931+0000] {logging_mixin.py:188} INFO - [2024-09-03T02:34:01.930+0000] {dagbag.py:545} INFO - Filling up the DagBag from /opt/airflow/dags/modules/cargar_data.py
[2024-09-03T02:34:02.355+0000] {processor.py:842} WARNING - No viable dags retrieved from /opt/airflow/dags/modules/cargar_data.py
[2024-09-03T02:34:02.366+0000] {processor.py:183} INFO - Processing /opt/airflow/dags/modules/cargar_data.py took 0.447 seconds
[2024-09-03T02:34:15.966+0000] {processor.py:161} INFO - Started process (PID=206) to work on /opt/airflow/dags/modules/cargar_data.py
[2024-09-03T02:34:15.967+0000] {processor.py:830} INFO - Processing file /opt/airflow/dags/modules/cargar_data.py for tasks to queue
[2024-09-03T02:34:15.969+0000] {logging_mixin.py:188} INFO - [2024-09-03T02:34:15.969+0000] {dagbag.py:545} INFO - Filling up the DagBag from /opt/airflow/dags/modules/cargar_data.py
[2024-09-03T02:34:16.389+0000] {processor.py:842} WARNING - No viable dags retrieved from /opt/airflow/dags/modules/cargar_data.py
[2024-09-03T02:34:16.402+0000] {processor.py:183} INFO - Processing /opt/airflow/dags/modules/cargar_data.py took 0.444 seconds
[2024-09-03T02:34:16.984+0000] {processor.py:161} INFO - Started process (PID=208) to work on /opt/airflow/dags/modules/cargar_data.py
[2024-09-03T02:34:16.985+0000] {processor.py:830} INFO - Processing file /opt/airflow/dags/modules/cargar_data.py for tasks to queue
[2024-09-03T02:34:16.988+0000] {logging_mixin.py:188} INFO - [2024-09-03T02:34:16.987+0000] {dagbag.py:545} INFO - Filling up the DagBag from /opt/airflow/dags/modules/cargar_data.py
[2024-09-03T02:34:17.388+0000] {processor.py:842} WARNING - No viable dags retrieved from /opt/airflow/dags/modules/cargar_data.py
[2024-09-03T02:34:17.398+0000] {processor.py:183} INFO - Processing /opt/airflow/dags/modules/cargar_data.py took 0.425 seconds
[2024-09-03T02:34:47.701+0000] {processor.py:161} INFO - Started process (PID=220) to work on /opt/airflow/dags/modules/cargar_data.py
[2024-09-03T02:34:47.702+0000] {processor.py:830} INFO - Processing file /opt/airflow/dags/modules/cargar_data.py for tasks to queue
[2024-09-03T02:34:47.704+0000] {logging_mixin.py:188} INFO - [2024-09-03T02:34:47.703+0000] {dagbag.py:545} INFO - Filling up the DagBag from /opt/airflow/dags/modules/cargar_data.py
[2024-09-03T02:34:48.137+0000] {processor.py:842} WARNING - No viable dags retrieved from /opt/airflow/dags/modules/cargar_data.py
[2024-09-03T02:34:48.152+0000] {processor.py:183} INFO - Processing /opt/airflow/dags/modules/cargar_data.py took 0.460 seconds
[2024-09-03T02:35:18.269+0000] {processor.py:161} INFO - Started process (PID=236) to work on /opt/airflow/dags/modules/cargar_data.py
[2024-09-03T02:35:18.271+0000] {processor.py:830} INFO - Processing file /opt/airflow/dags/modules/cargar_data.py for tasks to queue
[2024-09-03T02:35:18.274+0000] {logging_mixin.py:188} INFO - [2024-09-03T02:35:18.274+0000] {dagbag.py:545} INFO - Filling up the DagBag from /opt/airflow/dags/modules/cargar_data.py
[2024-09-03T02:35:18.758+0000] {processor.py:842} WARNING - No viable dags retrieved from /opt/airflow/dags/modules/cargar_data.py
[2024-09-03T02:35:18.770+0000] {processor.py:183} INFO - Processing /opt/airflow/dags/modules/cargar_data.py took 0.514 seconds
[2024-09-03T02:36:30.738+0000] {processor.py:161} INFO - Started process (PID=40) to work on /opt/airflow/dags/modules/cargar_data.py
[2024-09-03T02:36:30.740+0000] {processor.py:830} INFO - Processing file /opt/airflow/dags/modules/cargar_data.py for tasks to queue
[2024-09-03T02:36:30.742+0000] {logging_mixin.py:188} INFO - [2024-09-03T02:36:30.741+0000] {dagbag.py:545} INFO - Filling up the DagBag from /opt/airflow/dags/modules/cargar_data.py
[2024-09-03T02:36:31.475+0000] {processor.py:842} WARNING - No viable dags retrieved from /opt/airflow/dags/modules/cargar_data.py
[2024-09-03T02:36:31.492+0000] {processor.py:183} INFO - Processing /opt/airflow/dags/modules/cargar_data.py took 0.772 seconds
[2024-09-03T02:37:01.575+0000] {processor.py:161} INFO - Started process (PID=50) to work on /opt/airflow/dags/modules/cargar_data.py
[2024-09-03T02:37:01.576+0000] {processor.py:830} INFO - Processing file /opt/airflow/dags/modules/cargar_data.py for tasks to queue
[2024-09-03T02:37:01.578+0000] {logging_mixin.py:188} INFO - [2024-09-03T02:37:01.577+0000] {dagbag.py:545} INFO - Filling up the DagBag from /opt/airflow/dags/modules/cargar_data.py
[2024-09-03T02:37:02.023+0000] {processor.py:842} WARNING - No viable dags retrieved from /opt/airflow/dags/modules/cargar_data.py
[2024-09-03T02:37:02.036+0000] {processor.py:183} INFO - Processing /opt/airflow/dags/modules/cargar_data.py took 0.470 seconds
[2024-09-03T02:37:32.381+0000] {processor.py:161} INFO - Started process (PID=62) to work on /opt/airflow/dags/modules/cargar_data.py
[2024-09-03T02:37:32.383+0000] {processor.py:830} INFO - Processing file /opt/airflow/dags/modules/cargar_data.py for tasks to queue
[2024-09-03T02:37:32.385+0000] {logging_mixin.py:188} INFO - [2024-09-03T02:37:32.385+0000] {dagbag.py:545} INFO - Filling up the DagBag from /opt/airflow/dags/modules/cargar_data.py
[2024-09-03T02:37:32.835+0000] {processor.py:842} WARNING - No viable dags retrieved from /opt/airflow/dags/modules/cargar_data.py
[2024-09-03T02:37:32.850+0000] {processor.py:183} INFO - Processing /opt/airflow/dags/modules/cargar_data.py took 0.479 seconds
[2024-09-03T02:38:03.151+0000] {processor.py:161} INFO - Started process (PID=74) to work on /opt/airflow/dags/modules/cargar_data.py
[2024-09-03T02:38:03.152+0000] {processor.py:830} INFO - Processing file /opt/airflow/dags/modules/cargar_data.py for tasks to queue
[2024-09-03T02:38:03.154+0000] {logging_mixin.py:188} INFO - [2024-09-03T02:38:03.154+0000] {dagbag.py:545} INFO - Filling up the DagBag from /opt/airflow/dags/modules/cargar_data.py
[2024-09-03T02:38:03.607+0000] {processor.py:842} WARNING - No viable dags retrieved from /opt/airflow/dags/modules/cargar_data.py
[2024-09-03T02:38:03.617+0000] {processor.py:183} INFO - Processing /opt/airflow/dags/modules/cargar_data.py took 0.480 seconds
[2024-09-03T02:38:33.896+0000] {processor.py:161} INFO - Started process (PID=91) to work on /opt/airflow/dags/modules/cargar_data.py
[2024-09-03T02:38:33.896+0000] {processor.py:830} INFO - Processing file /opt/airflow/dags/modules/cargar_data.py for tasks to queue
[2024-09-03T02:38:33.898+0000] {logging_mixin.py:188} INFO - [2024-09-03T02:38:33.898+0000] {dagbag.py:545} INFO - Filling up the DagBag from /opt/airflow/dags/modules/cargar_data.py
[2024-09-03T02:38:34.338+0000] {processor.py:842} WARNING - No viable dags retrieved from /opt/airflow/dags/modules/cargar_data.py
[2024-09-03T02:38:34.351+0000] {processor.py:183} INFO - Processing /opt/airflow/dags/modules/cargar_data.py took 0.463 seconds
[2024-09-03T02:39:04.630+0000] {processor.py:161} INFO - Started process (PID=103) to work on /opt/airflow/dags/modules/cargar_data.py
[2024-09-03T02:39:04.631+0000] {processor.py:830} INFO - Processing file /opt/airflow/dags/modules/cargar_data.py for tasks to queue
[2024-09-03T02:39:04.632+0000] {logging_mixin.py:188} INFO - [2024-09-03T02:39:04.632+0000] {dagbag.py:545} INFO - Filling up the DagBag from /opt/airflow/dags/modules/cargar_data.py
[2024-09-03T02:39:05.016+0000] {processor.py:842} WARNING - No viable dags retrieved from /opt/airflow/dags/modules/cargar_data.py
[2024-09-03T02:39:05.029+0000] {processor.py:183} INFO - Processing /opt/airflow/dags/modules/cargar_data.py took 0.407 seconds
[2024-09-03T02:39:35.442+0000] {processor.py:161} INFO - Started process (PID=115) to work on /opt/airflow/dags/modules/cargar_data.py
[2024-09-03T02:39:35.443+0000] {processor.py:830} INFO - Processing file /opt/airflow/dags/modules/cargar_data.py for tasks to queue
[2024-09-03T02:39:35.444+0000] {logging_mixin.py:188} INFO - [2024-09-03T02:39:35.444+0000] {dagbag.py:545} INFO - Filling up the DagBag from /opt/airflow/dags/modules/cargar_data.py
[2024-09-03T02:39:35.846+0000] {processor.py:842} WARNING - No viable dags retrieved from /opt/airflow/dags/modules/cargar_data.py
[2024-09-03T02:39:35.857+0000] {processor.py:183} INFO - Processing /opt/airflow/dags/modules/cargar_data.py took 0.422 seconds
[2024-09-03T02:39:47.051+0000] {processor.py:161} INFO - Started process (PID=127) to work on /opt/airflow/dags/modules/cargar_data.py
[2024-09-03T02:39:47.052+0000] {processor.py:830} INFO - Processing file /opt/airflow/dags/modules/cargar_data.py for tasks to queue
[2024-09-03T02:39:47.054+0000] {logging_mixin.py:188} INFO - [2024-09-03T02:39:47.054+0000] {dagbag.py:545} INFO - Filling up the DagBag from /opt/airflow/dags/modules/cargar_data.py
[2024-09-03T02:39:47.469+0000] {processor.py:842} WARNING - No viable dags retrieved from /opt/airflow/dags/modules/cargar_data.py
[2024-09-03T02:39:47.481+0000] {processor.py:183} INFO - Processing /opt/airflow/dags/modules/cargar_data.py took 0.438 seconds
[2024-09-03T02:41:06.205+0000] {processor.py:161} INFO - Started process (PID=38) to work on /opt/airflow/dags/modules/cargar_data.py
[2024-09-03T02:41:06.207+0000] {processor.py:830} INFO - Processing file /opt/airflow/dags/modules/cargar_data.py for tasks to queue
[2024-09-03T02:41:06.210+0000] {logging_mixin.py:188} INFO - [2024-09-03T02:41:06.209+0000] {dagbag.py:545} INFO - Filling up the DagBag from /opt/airflow/dags/modules/cargar_data.py
[2024-09-03T02:41:07.735+0000] {processor.py:842} WARNING - No viable dags retrieved from /opt/airflow/dags/modules/cargar_data.py
[2024-09-03T02:41:07.754+0000] {processor.py:183} INFO - Processing /opt/airflow/dags/modules/cargar_data.py took 1.560 seconds
[2024-09-03T02:41:38.325+0000] {processor.py:161} INFO - Started process (PID=50) to work on /opt/airflow/dags/modules/cargar_data.py
[2024-09-03T02:41:38.326+0000] {processor.py:830} INFO - Processing file /opt/airflow/dags/modules/cargar_data.py for tasks to queue
[2024-09-03T02:41:38.330+0000] {logging_mixin.py:188} INFO - [2024-09-03T02:41:38.329+0000] {dagbag.py:545} INFO - Filling up the DagBag from /opt/airflow/dags/modules/cargar_data.py
[2024-09-03T02:41:38.970+0000] {processor.py:842} WARNING - No viable dags retrieved from /opt/airflow/dags/modules/cargar_data.py
[2024-09-03T02:41:38.983+0000] {processor.py:183} INFO - Processing /opt/airflow/dags/modules/cargar_data.py took 0.671 seconds
[2024-09-03T02:42:09.302+0000] {processor.py:161} INFO - Started process (PID=62) to work on /opt/airflow/dags/modules/cargar_data.py
[2024-09-03T02:42:09.303+0000] {processor.py:830} INFO - Processing file /opt/airflow/dags/modules/cargar_data.py for tasks to queue
[2024-09-03T02:42:09.305+0000] {logging_mixin.py:188} INFO - [2024-09-03T02:42:09.305+0000] {dagbag.py:545} INFO - Filling up the DagBag from /opt/airflow/dags/modules/cargar_data.py
[2024-09-03T02:42:09.796+0000] {processor.py:842} WARNING - No viable dags retrieved from /opt/airflow/dags/modules/cargar_data.py
[2024-09-03T02:42:09.811+0000] {processor.py:183} INFO - Processing /opt/airflow/dags/modules/cargar_data.py took 0.520 seconds
[2024-09-03T02:42:40.150+0000] {processor.py:161} INFO - Started process (PID=74) to work on /opt/airflow/dags/modules/cargar_data.py
[2024-09-03T02:42:40.151+0000] {processor.py:830} INFO - Processing file /opt/airflow/dags/modules/cargar_data.py for tasks to queue
[2024-09-03T02:42:40.155+0000] {logging_mixin.py:188} INFO - [2024-09-03T02:42:40.154+0000] {dagbag.py:545} INFO - Filling up the DagBag from /opt/airflow/dags/modules/cargar_data.py
[2024-09-03T02:42:40.617+0000] {processor.py:842} WARNING - No viable dags retrieved from /opt/airflow/dags/modules/cargar_data.py
[2024-09-03T02:42:40.629+0000] {processor.py:183} INFO - Processing /opt/airflow/dags/modules/cargar_data.py took 0.488 seconds
[2024-09-03T02:44:04.752+0000] {processor.py:161} INFO - Started process (PID=40) to work on /opt/airflow/dags/modules/cargar_data.py
[2024-09-03T02:44:04.752+0000] {processor.py:830} INFO - Processing file /opt/airflow/dags/modules/cargar_data.py for tasks to queue
[2024-09-03T02:44:04.754+0000] {logging_mixin.py:188} INFO - [2024-09-03T02:44:04.753+0000] {dagbag.py:545} INFO - Filling up the DagBag from /opt/airflow/dags/modules/cargar_data.py
[2024-09-03T02:44:05.356+0000] {processor.py:842} WARNING - No viable dags retrieved from /opt/airflow/dags/modules/cargar_data.py
[2024-09-03T02:44:05.372+0000] {processor.py:183} INFO - Processing /opt/airflow/dags/modules/cargar_data.py took 0.630 seconds
[2024-09-03T02:44:35.649+0000] {processor.py:161} INFO - Started process (PID=51) to work on /opt/airflow/dags/modules/cargar_data.py
[2024-09-03T02:44:35.651+0000] {processor.py:830} INFO - Processing file /opt/airflow/dags/modules/cargar_data.py for tasks to queue
[2024-09-03T02:44:35.654+0000] {logging_mixin.py:188} INFO - [2024-09-03T02:44:35.653+0000] {dagbag.py:545} INFO - Filling up the DagBag from /opt/airflow/dags/modules/cargar_data.py
[2024-09-03T02:44:36.222+0000] {processor.py:842} WARNING - No viable dags retrieved from /opt/airflow/dags/modules/cargar_data.py
[2024-09-03T02:44:36.235+0000] {processor.py:183} INFO - Processing /opt/airflow/dags/modules/cargar_data.py took 0.599 seconds
[2024-09-03T02:45:06.507+0000] {processor.py:161} INFO - Started process (PID=63) to work on /opt/airflow/dags/modules/cargar_data.py
[2024-09-03T02:45:06.508+0000] {processor.py:830} INFO - Processing file /opt/airflow/dags/modules/cargar_data.py for tasks to queue
[2024-09-03T02:45:06.509+0000] {logging_mixin.py:188} INFO - [2024-09-03T02:45:06.509+0000] {dagbag.py:545} INFO - Filling up the DagBag from /opt/airflow/dags/modules/cargar_data.py
[2024-09-03T02:45:06.932+0000] {processor.py:842} WARNING - No viable dags retrieved from /opt/airflow/dags/modules/cargar_data.py
[2024-09-03T02:45:06.944+0000] {processor.py:183} INFO - Processing /opt/airflow/dags/modules/cargar_data.py took 0.446 seconds
[2024-09-03T02:45:37.256+0000] {processor.py:161} INFO - Started process (PID=75) to work on /opt/airflow/dags/modules/cargar_data.py
[2024-09-03T02:45:37.258+0000] {processor.py:830} INFO - Processing file /opt/airflow/dags/modules/cargar_data.py for tasks to queue
[2024-09-03T02:45:37.261+0000] {logging_mixin.py:188} INFO - [2024-09-03T02:45:37.260+0000] {dagbag.py:545} INFO - Filling up the DagBag from /opt/airflow/dags/modules/cargar_data.py
[2024-09-03T02:45:37.687+0000] {processor.py:842} WARNING - No viable dags retrieved from /opt/airflow/dags/modules/cargar_data.py
[2024-09-03T02:45:37.699+0000] {processor.py:183} INFO - Processing /opt/airflow/dags/modules/cargar_data.py took 0.454 seconds
[2024-09-03T02:46:07.971+0000] {processor.py:161} INFO - Started process (PID=87) to work on /opt/airflow/dags/modules/cargar_data.py
[2024-09-03T02:46:07.973+0000] {processor.py:830} INFO - Processing file /opt/airflow/dags/modules/cargar_data.py for tasks to queue
[2024-09-03T02:46:07.975+0000] {logging_mixin.py:188} INFO - [2024-09-03T02:46:07.974+0000] {dagbag.py:545} INFO - Filling up the DagBag from /opt/airflow/dags/modules/cargar_data.py
[2024-09-03T02:46:08.408+0000] {processor.py:842} WARNING - No viable dags retrieved from /opt/airflow/dags/modules/cargar_data.py
[2024-09-03T02:46:08.422+0000] {processor.py:183} INFO - Processing /opt/airflow/dags/modules/cargar_data.py took 0.461 seconds
[2024-09-03T02:46:38.707+0000] {processor.py:161} INFO - Started process (PID=99) to work on /opt/airflow/dags/modules/cargar_data.py
[2024-09-03T02:46:38.708+0000] {processor.py:830} INFO - Processing file /opt/airflow/dags/modules/cargar_data.py for tasks to queue
[2024-09-03T02:46:38.710+0000] {logging_mixin.py:188} INFO - [2024-09-03T02:46:38.710+0000] {dagbag.py:545} INFO - Filling up the DagBag from /opt/airflow/dags/modules/cargar_data.py
[2024-09-03T02:46:39.155+0000] {processor.py:842} WARNING - No viable dags retrieved from /opt/airflow/dags/modules/cargar_data.py
[2024-09-03T02:46:39.169+0000] {processor.py:183} INFO - Processing /opt/airflow/dags/modules/cargar_data.py took 0.470 seconds
[2024-09-03T02:47:09.477+0000] {processor.py:161} INFO - Started process (PID=111) to work on /opt/airflow/dags/modules/cargar_data.py
[2024-09-03T02:47:09.479+0000] {processor.py:830} INFO - Processing file /opt/airflow/dags/modules/cargar_data.py for tasks to queue
[2024-09-03T02:47:09.480+0000] {logging_mixin.py:188} INFO - [2024-09-03T02:47:09.480+0000] {dagbag.py:545} INFO - Filling up the DagBag from /opt/airflow/dags/modules/cargar_data.py
[2024-09-03T02:47:09.905+0000] {processor.py:842} WARNING - No viable dags retrieved from /opt/airflow/dags/modules/cargar_data.py
[2024-09-03T02:47:09.920+0000] {processor.py:183} INFO - Processing /opt/airflow/dags/modules/cargar_data.py took 0.451 seconds
[2024-09-03T02:47:40.229+0000] {processor.py:161} INFO - Started process (PID=124) to work on /opt/airflow/dags/modules/cargar_data.py
[2024-09-03T02:47:40.231+0000] {processor.py:830} INFO - Processing file /opt/airflow/dags/modules/cargar_data.py for tasks to queue
[2024-09-03T02:47:40.233+0000] {logging_mixin.py:188} INFO - [2024-09-03T02:47:40.233+0000] {dagbag.py:545} INFO - Filling up the DagBag from /opt/airflow/dags/modules/cargar_data.py
[2024-09-03T02:47:40.724+0000] {processor.py:842} WARNING - No viable dags retrieved from /opt/airflow/dags/modules/cargar_data.py
[2024-09-03T02:47:40.737+0000] {processor.py:183} INFO - Processing /opt/airflow/dags/modules/cargar_data.py took 0.519 seconds
[2024-09-03T02:48:10.934+0000] {processor.py:161} INFO - Started process (PID=136) to work on /opt/airflow/dags/modules/cargar_data.py
[2024-09-03T02:48:10.935+0000] {processor.py:830} INFO - Processing file /opt/airflow/dags/modules/cargar_data.py for tasks to queue
[2024-09-03T02:48:10.937+0000] {logging_mixin.py:188} INFO - [2024-09-03T02:48:10.937+0000] {dagbag.py:545} INFO - Filling up the DagBag from /opt/airflow/dags/modules/cargar_data.py
[2024-09-03T02:48:11.363+0000] {processor.py:842} WARNING - No viable dags retrieved from /opt/airflow/dags/modules/cargar_data.py
[2024-09-03T02:48:11.376+0000] {processor.py:183} INFO - Processing /opt/airflow/dags/modules/cargar_data.py took 0.450 seconds
[2024-09-03T02:48:41.600+0000] {processor.py:161} INFO - Started process (PID=148) to work on /opt/airflow/dags/modules/cargar_data.py
[2024-09-03T02:48:41.602+0000] {processor.py:830} INFO - Processing file /opt/airflow/dags/modules/cargar_data.py for tasks to queue
[2024-09-03T02:48:41.604+0000] {logging_mixin.py:188} INFO - [2024-09-03T02:48:41.603+0000] {dagbag.py:545} INFO - Filling up the DagBag from /opt/airflow/dags/modules/cargar_data.py
[2024-09-03T02:48:42.007+0000] {processor.py:842} WARNING - No viable dags retrieved from /opt/airflow/dags/modules/cargar_data.py
[2024-09-03T02:48:42.023+0000] {processor.py:183} INFO - Processing /opt/airflow/dags/modules/cargar_data.py took 0.432 seconds
[2024-09-03T02:49:12.356+0000] {processor.py:161} INFO - Started process (PID=160) to work on /opt/airflow/dags/modules/cargar_data.py
[2024-09-03T02:49:12.358+0000] {processor.py:830} INFO - Processing file /opt/airflow/dags/modules/cargar_data.py for tasks to queue
[2024-09-03T02:49:12.360+0000] {logging_mixin.py:188} INFO - [2024-09-03T02:49:12.360+0000] {dagbag.py:545} INFO - Filling up the DagBag from /opt/airflow/dags/modules/cargar_data.py
[2024-09-03T02:49:12.747+0000] {processor.py:842} WARNING - No viable dags retrieved from /opt/airflow/dags/modules/cargar_data.py
[2024-09-03T02:49:12.760+0000] {processor.py:183} INFO - Processing /opt/airflow/dags/modules/cargar_data.py took 0.414 seconds
[2024-09-03T02:49:43.035+0000] {processor.py:161} INFO - Started process (PID=172) to work on /opt/airflow/dags/modules/cargar_data.py
[2024-09-03T02:49:43.036+0000] {processor.py:830} INFO - Processing file /opt/airflow/dags/modules/cargar_data.py for tasks to queue
[2024-09-03T02:49:43.039+0000] {logging_mixin.py:188} INFO - [2024-09-03T02:49:43.039+0000] {dagbag.py:545} INFO - Filling up the DagBag from /opt/airflow/dags/modules/cargar_data.py
[2024-09-03T02:49:43.511+0000] {processor.py:842} WARNING - No viable dags retrieved from /opt/airflow/dags/modules/cargar_data.py
[2024-09-03T02:49:43.522+0000] {processor.py:183} INFO - Processing /opt/airflow/dags/modules/cargar_data.py took 0.498 seconds
[2024-09-03T02:50:13.780+0000] {processor.py:161} INFO - Started process (PID=184) to work on /opt/airflow/dags/modules/cargar_data.py
[2024-09-03T02:50:13.781+0000] {processor.py:830} INFO - Processing file /opt/airflow/dags/modules/cargar_data.py for tasks to queue
[2024-09-03T02:50:13.783+0000] {logging_mixin.py:188} INFO - [2024-09-03T02:50:13.783+0000] {dagbag.py:545} INFO - Filling up the DagBag from /opt/airflow/dags/modules/cargar_data.py
[2024-09-03T02:50:14.209+0000] {processor.py:842} WARNING - No viable dags retrieved from /opt/airflow/dags/modules/cargar_data.py
[2024-09-03T02:50:14.224+0000] {processor.py:183} INFO - Processing /opt/airflow/dags/modules/cargar_data.py took 0.453 seconds
[2024-09-03T02:50:44.487+0000] {processor.py:161} INFO - Started process (PID=196) to work on /opt/airflow/dags/modules/cargar_data.py
[2024-09-03T02:50:44.488+0000] {processor.py:830} INFO - Processing file /opt/airflow/dags/modules/cargar_data.py for tasks to queue
[2024-09-03T02:50:44.490+0000] {logging_mixin.py:188} INFO - [2024-09-03T02:50:44.490+0000] {dagbag.py:545} INFO - Filling up the DagBag from /opt/airflow/dags/modules/cargar_data.py
[2024-09-03T02:50:44.940+0000] {processor.py:842} WARNING - No viable dags retrieved from /opt/airflow/dags/modules/cargar_data.py
[2024-09-03T02:50:44.951+0000] {processor.py:183} INFO - Processing /opt/airflow/dags/modules/cargar_data.py took 0.476 seconds
[2024-09-03T02:51:15.185+0000] {processor.py:161} INFO - Started process (PID=208) to work on /opt/airflow/dags/modules/cargar_data.py
[2024-09-03T02:51:15.186+0000] {processor.py:830} INFO - Processing file /opt/airflow/dags/modules/cargar_data.py for tasks to queue
[2024-09-03T02:51:15.188+0000] {logging_mixin.py:188} INFO - [2024-09-03T02:51:15.188+0000] {dagbag.py:545} INFO - Filling up the DagBag from /opt/airflow/dags/modules/cargar_data.py
[2024-09-03T02:51:15.571+0000] {processor.py:842} WARNING - No viable dags retrieved from /opt/airflow/dags/modules/cargar_data.py
[2024-09-03T02:51:15.585+0000] {processor.py:183} INFO - Processing /opt/airflow/dags/modules/cargar_data.py took 0.410 seconds
[2024-09-03T14:08:30.264+0000] {processor.py:161} INFO - Started process (PID=55) to work on /opt/airflow/dags/modules/cargar_data.py
[2024-09-03T14:08:30.267+0000] {processor.py:830} INFO - Processing file /opt/airflow/dags/modules/cargar_data.py for tasks to queue
[2024-09-03T14:08:30.269+0000] {logging_mixin.py:188} INFO - [2024-09-03T14:08:30.269+0000] {dagbag.py:545} INFO - Filling up the DagBag from /opt/airflow/dags/modules/cargar_data.py
[2024-09-03T14:08:32.971+0000] {processor.py:842} WARNING - No viable dags retrieved from /opt/airflow/dags/modules/cargar_data.py
[2024-09-03T14:08:33.001+0000] {processor.py:183} INFO - Processing /opt/airflow/dags/modules/cargar_data.py took 2.751 seconds
[2024-09-03T14:09:03.385+0000] {processor.py:161} INFO - Started process (PID=67) to work on /opt/airflow/dags/modules/cargar_data.py
[2024-09-03T14:09:03.386+0000] {processor.py:830} INFO - Processing file /opt/airflow/dags/modules/cargar_data.py for tasks to queue
[2024-09-03T14:09:03.389+0000] {logging_mixin.py:188} INFO - [2024-09-03T14:09:03.388+0000] {dagbag.py:545} INFO - Filling up the DagBag from /opt/airflow/dags/modules/cargar_data.py
[2024-09-03T14:09:04.186+0000] {processor.py:842} WARNING - No viable dags retrieved from /opt/airflow/dags/modules/cargar_data.py
[2024-09-03T14:09:04.207+0000] {processor.py:183} INFO - Processing /opt/airflow/dags/modules/cargar_data.py took 0.836 seconds
[2024-09-03T14:09:34.606+0000] {processor.py:161} INFO - Started process (PID=79) to work on /opt/airflow/dags/modules/cargar_data.py
[2024-09-03T14:09:34.607+0000] {processor.py:830} INFO - Processing file /opt/airflow/dags/modules/cargar_data.py for tasks to queue
[2024-09-03T14:09:34.608+0000] {logging_mixin.py:188} INFO - [2024-09-03T14:09:34.608+0000] {dagbag.py:545} INFO - Filling up the DagBag from /opt/airflow/dags/modules/cargar_data.py
[2024-09-03T14:09:35.173+0000] {processor.py:842} WARNING - No viable dags retrieved from /opt/airflow/dags/modules/cargar_data.py
[2024-09-03T14:09:35.189+0000] {processor.py:183} INFO - Processing /opt/airflow/dags/modules/cargar_data.py took 0.592 seconds
[2024-09-03T14:10:05.529+0000] {processor.py:161} INFO - Started process (PID=91) to work on /opt/airflow/dags/modules/cargar_data.py
[2024-09-03T14:10:05.530+0000] {processor.py:830} INFO - Processing file /opt/airflow/dags/modules/cargar_data.py for tasks to queue
[2024-09-03T14:10:05.532+0000] {logging_mixin.py:188} INFO - [2024-09-03T14:10:05.532+0000] {dagbag.py:545} INFO - Filling up the DagBag from /opt/airflow/dags/modules/cargar_data.py
[2024-09-03T14:10:05.913+0000] {processor.py:842} WARNING - No viable dags retrieved from /opt/airflow/dags/modules/cargar_data.py
[2024-09-03T14:10:05.924+0000] {processor.py:183} INFO - Processing /opt/airflow/dags/modules/cargar_data.py took 0.405 seconds
[2024-09-03T14:10:36.229+0000] {processor.py:161} INFO - Started process (PID=103) to work on /opt/airflow/dags/modules/cargar_data.py
[2024-09-03T14:10:36.276+0000] {processor.py:830} INFO - Processing file /opt/airflow/dags/modules/cargar_data.py for tasks to queue
[2024-09-03T14:10:36.280+0000] {logging_mixin.py:188} INFO - [2024-09-03T14:10:36.279+0000] {dagbag.py:545} INFO - Filling up the DagBag from /opt/airflow/dags/modules/cargar_data.py
[2024-09-03T14:10:36.722+0000] {processor.py:842} WARNING - No viable dags retrieved from /opt/airflow/dags/modules/cargar_data.py
[2024-09-03T14:10:36.734+0000] {processor.py:183} INFO - Processing /opt/airflow/dags/modules/cargar_data.py took 0.514 seconds
[2024-09-03T14:11:07.573+0000] {processor.py:161} INFO - Started process (PID=115) to work on /opt/airflow/dags/modules/cargar_data.py
[2024-09-03T14:11:07.574+0000] {processor.py:830} INFO - Processing file /opt/airflow/dags/modules/cargar_data.py for tasks to queue
[2024-09-03T14:11:07.575+0000] {logging_mixin.py:188} INFO - [2024-09-03T14:11:07.575+0000] {dagbag.py:545} INFO - Filling up the DagBag from /opt/airflow/dags/modules/cargar_data.py
[2024-09-03T14:11:08.231+0000] {processor.py:842} WARNING - No viable dags retrieved from /opt/airflow/dags/modules/cargar_data.py
[2024-09-03T14:11:08.250+0000] {processor.py:183} INFO - Processing /opt/airflow/dags/modules/cargar_data.py took 0.688 seconds
[2024-09-03T14:11:38.916+0000] {processor.py:161} INFO - Started process (PID=127) to work on /opt/airflow/dags/modules/cargar_data.py
[2024-09-03T14:11:38.917+0000] {processor.py:830} INFO - Processing file /opt/airflow/dags/modules/cargar_data.py for tasks to queue
[2024-09-03T14:11:38.919+0000] {logging_mixin.py:188} INFO - [2024-09-03T14:11:38.919+0000] {dagbag.py:545} INFO - Filling up the DagBag from /opt/airflow/dags/modules/cargar_data.py
[2024-09-03T14:11:39.429+0000] {processor.py:842} WARNING - No viable dags retrieved from /opt/airflow/dags/modules/cargar_data.py
[2024-09-03T14:11:39.445+0000] {processor.py:183} INFO - Processing /opt/airflow/dags/modules/cargar_data.py took 0.538 seconds
[2024-09-03T14:12:09.840+0000] {processor.py:161} INFO - Started process (PID=139) to work on /opt/airflow/dags/modules/cargar_data.py
[2024-09-03T14:12:09.841+0000] {processor.py:830} INFO - Processing file /opt/airflow/dags/modules/cargar_data.py for tasks to queue
[2024-09-03T14:12:09.842+0000] {logging_mixin.py:188} INFO - [2024-09-03T14:12:09.842+0000] {dagbag.py:545} INFO - Filling up the DagBag from /opt/airflow/dags/modules/cargar_data.py
[2024-09-03T14:12:10.279+0000] {processor.py:842} WARNING - No viable dags retrieved from /opt/airflow/dags/modules/cargar_data.py
[2024-09-03T14:12:10.293+0000] {processor.py:183} INFO - Processing /opt/airflow/dags/modules/cargar_data.py took 0.461 seconds
[2024-09-03T14:12:40.650+0000] {processor.py:161} INFO - Started process (PID=151) to work on /opt/airflow/dags/modules/cargar_data.py
[2024-09-03T14:12:40.651+0000] {processor.py:830} INFO - Processing file /opt/airflow/dags/modules/cargar_data.py for tasks to queue
[2024-09-03T14:12:40.654+0000] {logging_mixin.py:188} INFO - [2024-09-03T14:12:40.653+0000] {dagbag.py:545} INFO - Filling up the DagBag from /opt/airflow/dags/modules/cargar_data.py
[2024-09-03T14:12:41.359+0000] {processor.py:842} WARNING - No viable dags retrieved from /opt/airflow/dags/modules/cargar_data.py
[2024-09-03T14:12:41.375+0000] {processor.py:183} INFO - Processing /opt/airflow/dags/modules/cargar_data.py took 0.736 seconds
[2024-09-03T14:13:11.761+0000] {processor.py:161} INFO - Started process (PID=163) to work on /opt/airflow/dags/modules/cargar_data.py
[2024-09-03T14:13:11.762+0000] {processor.py:830} INFO - Processing file /opt/airflow/dags/modules/cargar_data.py for tasks to queue
[2024-09-03T14:13:11.764+0000] {logging_mixin.py:188} INFO - [2024-09-03T14:13:11.764+0000] {dagbag.py:545} INFO - Filling up the DagBag from /opt/airflow/dags/modules/cargar_data.py
[2024-09-03T14:13:12.183+0000] {processor.py:842} WARNING - No viable dags retrieved from /opt/airflow/dags/modules/cargar_data.py
[2024-09-03T14:13:12.197+0000] {processor.py:183} INFO - Processing /opt/airflow/dags/modules/cargar_data.py took 0.445 seconds
[2024-09-03T14:13:42.681+0000] {processor.py:161} INFO - Started process (PID=175) to work on /opt/airflow/dags/modules/cargar_data.py
[2024-09-03T14:13:42.682+0000] {processor.py:830} INFO - Processing file /opt/airflow/dags/modules/cargar_data.py for tasks to queue
[2024-09-03T14:13:42.684+0000] {logging_mixin.py:188} INFO - [2024-09-03T14:13:42.684+0000] {dagbag.py:545} INFO - Filling up the DagBag from /opt/airflow/dags/modules/cargar_data.py
[2024-09-03T14:13:43.081+0000] {processor.py:842} WARNING - No viable dags retrieved from /opt/airflow/dags/modules/cargar_data.py
[2024-09-03T14:13:43.092+0000] {processor.py:183} INFO - Processing /opt/airflow/dags/modules/cargar_data.py took 0.419 seconds
[2024-09-03T14:14:13.444+0000] {processor.py:161} INFO - Started process (PID=187) to work on /opt/airflow/dags/modules/cargar_data.py
[2024-09-03T14:14:13.445+0000] {processor.py:830} INFO - Processing file /opt/airflow/dags/modules/cargar_data.py for tasks to queue
[2024-09-03T14:14:13.447+0000] {logging_mixin.py:188} INFO - [2024-09-03T14:14:13.447+0000] {dagbag.py:545} INFO - Filling up the DagBag from /opt/airflow/dags/modules/cargar_data.py
[2024-09-03T14:14:13.922+0000] {processor.py:842} WARNING - No viable dags retrieved from /opt/airflow/dags/modules/cargar_data.py
[2024-09-03T14:14:13.937+0000] {processor.py:183} INFO - Processing /opt/airflow/dags/modules/cargar_data.py took 0.502 seconds
[2024-09-03T14:15:27.876+0000] {processor.py:161} INFO - Started process (PID=54) to work on /opt/airflow/dags/modules/cargar_data.py
[2024-09-03T14:15:27.878+0000] {processor.py:830} INFO - Processing file /opt/airflow/dags/modules/cargar_data.py for tasks to queue
[2024-09-03T14:15:27.881+0000] {logging_mixin.py:188} INFO - [2024-09-03T14:15:27.880+0000] {dagbag.py:545} INFO - Filling up the DagBag from /opt/airflow/dags/modules/cargar_data.py
[2024-09-03T14:15:29.516+0000] {processor.py:842} WARNING - No viable dags retrieved from /opt/airflow/dags/modules/cargar_data.py
[2024-09-03T14:15:29.533+0000] {processor.py:183} INFO - Processing /opt/airflow/dags/modules/cargar_data.py took 1.671 seconds
[2024-09-03T14:15:59.634+0000] {processor.py:161} INFO - Started process (PID=66) to work on /opt/airflow/dags/modules/cargar_data.py
[2024-09-03T14:15:59.635+0000] {processor.py:830} INFO - Processing file /opt/airflow/dags/modules/cargar_data.py for tasks to queue
[2024-09-03T14:15:59.637+0000] {logging_mixin.py:188} INFO - [2024-09-03T14:15:59.636+0000] {dagbag.py:545} INFO - Filling up the DagBag from /opt/airflow/dags/modules/cargar_data.py
[2024-09-03T14:16:00.036+0000] {processor.py:842} WARNING - No viable dags retrieved from /opt/airflow/dags/modules/cargar_data.py
[2024-09-03T14:16:00.053+0000] {processor.py:183} INFO - Processing /opt/airflow/dags/modules/cargar_data.py took 0.427 seconds
[2024-09-03T14:16:30.465+0000] {processor.py:161} INFO - Started process (PID=78) to work on /opt/airflow/dags/modules/cargar_data.py
[2024-09-03T14:16:30.466+0000] {processor.py:830} INFO - Processing file /opt/airflow/dags/modules/cargar_data.py for tasks to queue
[2024-09-03T14:16:30.468+0000] {logging_mixin.py:188} INFO - [2024-09-03T14:16:30.468+0000] {dagbag.py:545} INFO - Filling up the DagBag from /opt/airflow/dags/modules/cargar_data.py
[2024-09-03T14:16:31.115+0000] {processor.py:842} WARNING - No viable dags retrieved from /opt/airflow/dags/modules/cargar_data.py
[2024-09-03T14:16:31.126+0000] {processor.py:183} INFO - Processing /opt/airflow/dags/modules/cargar_data.py took 0.670 seconds
[2024-09-03T14:17:01.512+0000] {processor.py:161} INFO - Started process (PID=91) to work on /opt/airflow/dags/modules/cargar_data.py
[2024-09-03T14:17:01.513+0000] {processor.py:830} INFO - Processing file /opt/airflow/dags/modules/cargar_data.py for tasks to queue
[2024-09-03T14:17:01.516+0000] {logging_mixin.py:188} INFO - [2024-09-03T14:17:01.515+0000] {dagbag.py:545} INFO - Filling up the DagBag from /opt/airflow/dags/modules/cargar_data.py
[2024-09-03T14:17:02.006+0000] {processor.py:842} WARNING - No viable dags retrieved from /opt/airflow/dags/modules/cargar_data.py
[2024-09-03T14:17:02.022+0000] {processor.py:183} INFO - Processing /opt/airflow/dags/modules/cargar_data.py took 0.521 seconds
[2024-09-03T14:17:32.331+0000] {processor.py:161} INFO - Started process (PID=103) to work on /opt/airflow/dags/modules/cargar_data.py
[2024-09-03T14:17:32.332+0000] {processor.py:830} INFO - Processing file /opt/airflow/dags/modules/cargar_data.py for tasks to queue
[2024-09-03T14:17:32.334+0000] {logging_mixin.py:188} INFO - [2024-09-03T14:17:32.334+0000] {dagbag.py:545} INFO - Filling up the DagBag from /opt/airflow/dags/modules/cargar_data.py
[2024-09-03T14:17:32.904+0000] {processor.py:842} WARNING - No viable dags retrieved from /opt/airflow/dags/modules/cargar_data.py
[2024-09-03T14:17:32.927+0000] {processor.py:183} INFO - Processing /opt/airflow/dags/modules/cargar_data.py took 0.605 seconds
[2024-09-03T14:18:03.356+0000] {processor.py:161} INFO - Started process (PID=115) to work on /opt/airflow/dags/modules/cargar_data.py
[2024-09-03T14:18:03.357+0000] {processor.py:830} INFO - Processing file /opt/airflow/dags/modules/cargar_data.py for tasks to queue
[2024-09-03T14:18:03.359+0000] {logging_mixin.py:188} INFO - [2024-09-03T14:18:03.358+0000] {dagbag.py:545} INFO - Filling up the DagBag from /opt/airflow/dags/modules/cargar_data.py
[2024-09-03T14:18:03.750+0000] {processor.py:842} WARNING - No viable dags retrieved from /opt/airflow/dags/modules/cargar_data.py
[2024-09-03T14:18:03.761+0000] {processor.py:183} INFO - Processing /opt/airflow/dags/modules/cargar_data.py took 0.414 seconds
[2024-09-03T14:18:34.144+0000] {processor.py:161} INFO - Started process (PID=127) to work on /opt/airflow/dags/modules/cargar_data.py
[2024-09-03T14:18:34.145+0000] {processor.py:830} INFO - Processing file /opt/airflow/dags/modules/cargar_data.py for tasks to queue
[2024-09-03T14:18:34.146+0000] {logging_mixin.py:188} INFO - [2024-09-03T14:18:34.146+0000] {dagbag.py:545} INFO - Filling up the DagBag from /opt/airflow/dags/modules/cargar_data.py
[2024-09-03T14:18:34.559+0000] {processor.py:842} WARNING - No viable dags retrieved from /opt/airflow/dags/modules/cargar_data.py
[2024-09-03T14:18:34.573+0000] {processor.py:183} INFO - Processing /opt/airflow/dags/modules/cargar_data.py took 0.437 seconds
